Determining if the pthread_create exist failed with the following output:
Change Dir: /home/panayiotis/cv/3DReconstruct/pcd/ply2pcd_files/build/CMakeFiles/CMakeTmp

Run Build Command:"/usr/bin/make" "cmTC_da3df/fast"
/usr/bin/make -f CMakeFiles/cmTC_da3df.dir/build.make CMakeFiles/cmTC_da3df.dir/build
make[1]: Entering directory '/home/panayiotis/cv/3DReconstruct/pcd/ply2pcd_files/build/CMakeFiles/CMakeTmp'
Building C object CMakeFiles/cmTC_da3df.dir/CheckSymbolExists.c.o
/usr/bin/cc    -o CMakeFiles/cmTC_da3df.dir/CheckSymbolExists.c.o   -c /home/panayiotis/cv/3DReconstruct/pcd/ply2pcd_files/build/CMakeFiles/CMakeTmp/CheckSymbolExists.c
Linking C executable cmTC_da3df
/usr/bin/cmake -E cmake_link_script CMakeFiles/cmTC_da3df.dir/link.txt --verbose=1
/usr/bin/cc      -rdynamic CMakeFiles/cmTC_da3df.dir/CheckSymbolExists.c.o  -o cmTC_da3df 
CMakeFiles/cmTC_da3df.dir/CheckSymbolExists.c.o: In function `main':
CheckSymbolExists.c:(.text+0x1b): undefined reference to `pthread_create'
collect2: error: ld returned 1 exit status
CMakeFiles/cmTC_da3df.dir/build.make:97: recipe for target 'cmTC_da3df' failed
make[1]: *** [cmTC_da3df] Error 1
make[1]: Leaving directory '/home/panayiotis/cv/3DReconstruct/pcd/ply2pcd_files/build/CMakeFiles/CMakeTmp'
Makefile:126: recipe for target 'cmTC_da3df/fast' failed
make: *** [cmTC_da3df/fast] Error 2

File /home/panayiotis/cv/3DReconstruct/pcd/ply2pcd_files/build/CMakeFiles/CMakeTmp/CheckSymbolExists.c:
/* */
#include <pthread.h>

int main(int argc, char** argv)
{
  (void)argv;
#ifndef pthread_create
  return ((int*)(&pthread_create))[argc];
#else
  (void)argc;
  return 0;
#endif
}

Determining if the function pthread_create exists in the pthreads failed with the following output:
Change Dir: /home/panayiotis/cv/3DReconstruct/pcd/ply2pcd_files/build/CMakeFiles/CMakeTmp

Run Build Command:"/usr/bin/make" "cmTC_1df67/fast"
/usr/bin/make -f CMakeFiles/cmTC_1df67.dir/build.make CMakeFiles/cmTC_1df67.dir/build
make[1]: Entering directory '/home/panayiotis/cv/3DReconstruct/pcd/ply2pcd_files/build/CMakeFiles/CMakeTmp'
Building C object CMakeFiles/cmTC_1df67.dir/CheckFunctionExists.c.o
/usr/bin/cc   -DCHECK_FUNCTION_EXISTS=pthread_create   -o CMakeFiles/cmTC_1df67.dir/CheckFunctionExists.c.o   -c /usr/share/cmake-3.10/Modules/CheckFunctionExists.c
Linking C executable cmTC_1df67
/usr/bin/cmake -E cmake_link_script CMakeFiles/cmTC_1df67.dir/link.txt --verbose=1
/usr/bin/cc  -DCHECK_FUNCTION_EXISTS=pthread_create    -rdynamic CMakeFiles/cmTC_1df67.dir/CheckFunctionExists.c.o  -o cmTC_1df67 -lpthreads 
/usr/bin/ld: cannot find -lpthreads
collect2: error: ld returned 1 exit status
CMakeFiles/cmTC_1df67.dir/build.make:97: recipe for target 'cmTC_1df67' failed
make[1]: *** [cmTC_1df67] Error 1
make[1]: Leaving directory '/home/panayiotis/cv/3DReconstruct/pcd/ply2pcd_files/build/CMakeFiles/CMakeTmp'
Makefile:126: recipe for target 'cmTC_1df67/fast' failed
make: *** [cmTC_1df67/fast] Error 2


